[0417/121718.600:ERROR:process_reader_win.cc(123)] NtOpenThread: {Access Denied} A process has requested access to an object, but has not been granted those access rights. (0xc0000022)
[0417/121718.600:ERROR:process_reader_win.cc(123)] NtOpenThread: {Access Denied} A process has requested access to an object, but has not been granted those access rights. (0xc0000022)
[0417/121718.604:ERROR:exception_snapshot_win.cc(98)] thread ID 5904 not found in process
[0417/121718.604:ERROR:exception_snapshot_win.cc(98)] thread ID 3280 not found in process
[0417/121718.615:ERROR:process_reader_win.cc(123)] NtOpenThread: {Access Denied} A process has requested access to an object, but has not been granted those access rights. (0xc0000022)
[0417/121718.616:ERROR:exception_snapshot_win.cc(98)] thread ID 10476 not found in process
[0420/162859.665:ERROR:process_reader_win.cc(123)] NtOpenThread: {Access Denied} A process has requested access to an object, but has not been granted those access rights. (0xc0000022)
[0420/162859.668:ERROR:exception_snapshot_win.cc(98)] thread ID 13560 not found in process
[0420/162859.679:ERROR:process_reader_win.cc(123)] NtOpenThread: {Access Denied} A process has requested access to an object, but has not been granted those access rights. (0xc0000022)
[0420/162859.679:ERROR:exception_snapshot_win.cc(98)] thread ID 12980 not found in process
[0421/162644.253:ERROR:process_reader_win.cc(123)] NtOpenThread: {Access Denied} A process has requested access to an object, but has not been granted those access rights. (0xc0000022)
[0421/162644.253:ERROR:exception_snapshot_win.cc(98)] thread ID 4656 not found in process
[0422/150949.920:ERROR:process_reader_win.cc(123)] NtOpenThread: {Access Denied} A process has requested access to an object, but has not been granted those access rights. (0xc0000022)
[0422/150949.924:ERROR:exception_snapshot_win.cc(98)] thread ID 26176 not found in process
[0422/150949.933:ERROR:process_reader_win.cc(123)] NtOpenThread: {Access Denied} A process has requested access to an object, but has not been granted those access rights. (0xc0000022)
[0422/150949.933:ERROR:exception_snapshot_win.cc(98)] thread ID 21032 not found in process
[0422/160558.585:ERROR:prune_crash_reports.cc(35)] PruneCrashReportDatabase: Failed to get pending reports
[0422/160732.005:ERROR:prune_crash_reports.cc(35)] PruneCrashReportDatabase: Failed to get pending reports
[0429/182021.888:ERROR:process_reader_win.cc(123)] NtOpenThread: {Access Denied} A process has requested access to an object, but has not been granted those access rights. (0xc0000022)
[0429/182021.890:ERROR:exception_snapshot_win.cc(98)] thread ID 7140 not found in process
[0429/182021.892:ERROR:process_reader_win.cc(123)] NtOpenThread: {Access Denied} A process has requested access to an object, but has not been granted those access rights. (0xc0000022)
[0429/182021.892:ERROR:exception_snapshot_win.cc(98)] thread ID 7392 not found in process
[0429/182021.903:ERROR:process_reader_win.cc(123)] NtOpenThread: {Access Denied} A process has requested access to an object, but has not been granted those access rights. (0xc0000022)
[0429/182021.903:ERROR:exception_snapshot_win.cc(98)] thread ID 12108 not found in process
[0429/182446.977:ERROR:process_reader_win.cc(123)] NtOpenThread: {Access Denied} A process has requested access to an object, but has not been granted those access rights. (0xc0000022)
[0429/182446.978:ERROR:exception_snapshot_win.cc(98)] thread ID 1796 not found in process
[0429/182446.979:ERROR:process_reader_win.cc(123)] NtOpenThread: {Access Denied} A process has requested access to an object, but has not been granted those access rights. (0xc0000022)
[0429/182446.979:ERROR:exception_snapshot_win.cc(98)] thread ID 7664 not found in process
[0429/182446.991:ERROR:process_reader_win.cc(123)] NtOpenThread: {Access Denied} A process has requested access to an object, but has not been granted those access rights. (0xc0000022)
[0429/182446.991:ERROR:exception_snapshot_win.cc(98)] thread ID 11104 not found in process
[0429/182838.178:ERROR:process_reader_win.cc(123)] NtOpenThread: {Access Denied} A process has requested access to an object, but has not been granted those access rights. (0xc0000022)
[0429/182838.179:ERROR:exception_snapshot_win.cc(98)] thread ID 6864 not found in process
[0429/182838.180:ERROR:process_reader_win.cc(123)] NtOpenThread: {Access Denied} A process has requested access to an object, but has not been granted those access rights. (0xc0000022)
[0429/182838.180:ERROR:exception_snapshot_win.cc(98)] thread ID 12360 not found in process
[0429/182838.196:ERROR:process_reader_win.cc(123)] NtOpenThread: {Access Denied} A process has requested access to an object, but has not been granted those access rights. (0xc0000022)
[0429/182838.196:ERROR:exception_snapshot_win.cc(98)] thread ID 2732 not found in process
[0429/183105.389:ERROR:process_reader_win.cc(123)] NtOpenThread: {Access Denied} A process has requested access to an object, but has not been granted those access rights. (0xc0000022)
[0429/183105.390:ERROR:exception_snapshot_win.cc(98)] thread ID 6900 not found in process
[0429/183105.404:ERROR:process_reader_win.cc(123)] NtOpenThread: {Access Denied} A process has requested access to an object, but has not been granted those access rights. (0xc0000022)
[0429/183105.404:ERROR:exception_snapshot_win.cc(98)] thread ID 8980 not found in process
[0429/184005.734:ERROR:process_reader_win.cc(151)] SuspendThread: Access is denied. (0x5)
[0429/184005.735:ERROR:process_reader_win.cc(151)] SuspendThread: Access is denied. (0x5)
[0429/184005.735:ERROR:process_reader_win.cc(151)] SuspendThread: Access is denied. (0x5)
[0429/184005.735:ERROR:process_reader_win.cc(151)] SuspendThread: Access is denied. (0x5)
[0429/184005.735:ERROR:process_reader_win.cc(123)] NtOpenThread: {Access Denied} A process has requested access to an object, but has not been granted those access rights. (0xc0000022)
[0429/184005.735:ERROR:exception_snapshot_win.cc(98)] thread ID 4552 not found in process
[0429/184005.746:ERROR:process_reader_win.cc(151)] SuspendThread: Access is denied. (0x5)
[0429/184005.746:ERROR:process_reader_win.cc(151)] SuspendThread: Access is denied. (0x5)
[0429/184005.746:ERROR:process_reader_win.cc(151)] SuspendThread: Access is denied. (0x5)
[0429/184005.746:ERROR:process_reader_win.cc(151)] SuspendThread: Access is denied. (0x5)
[0429/184005.746:ERROR:process_reader_win.cc(151)] SuspendThread: Access is denied. (0x5)
[0429/184005.746:ERROR:process_reader_win.cc(151)] SuspendThread: Access is denied. (0x5)
[0429/184005.746:ERROR:process_reader_win.cc(151)] SuspendThread: Access is denied. (0x5)
[0429/184005.746:ERROR:process_reader_win.cc(151)] SuspendThread: Access is denied. (0x5)
[0429/184005.746:ERROR:process_reader_win.cc(123)] NtOpenThread: {Access Denied} A process has requested access to an object, but has not been granted those access rights. (0xc0000022)
[0429/184005.746:ERROR:exception_snapshot_win.cc(98)] thread ID 4748 not found in process
[0429/184005.751:ERROR:process_reader_win.cc(151)] SuspendThread: Access is denied. (0x5)
[0429/184005.751:ERROR:process_reader_win.cc(123)] NtOpenThread: An invalid Client ID was specified. (0xc000000b)
[0429/184005.751:ERROR:process_reader_win.cc(151)] SuspendThread: Access is denied. (0x5)
[0429/184005.751:ERROR:process_reader_win.cc(151)] SuspendThread: Access is denied. (0x5)
[0429/184005.751:ERROR:process_reader_win.cc(151)] SuspendThread: Access is denied. (0x5)
[0429/184005.751:ERROR:process_reader_win.cc(151)] SuspendThread: Access is denied. (0x5)
[0429/184005.751:ERROR:process_reader_win.cc(151)] SuspendThread: Access is denied. (0x5)
[0429/184005.751:ERROR:process_reader_win.cc(151)] SuspendThread: Access is denied. (0x5)
[0429/184005.751:ERROR:process_reader_win.cc(151)] SuspendThread: Access is denied. (0x5)
[0429/184005.751:ERROR:process_reader_win.cc(151)] SuspendThread: Access is denied. (0x5)
[0429/184005.751:ERROR:process_reader_win.cc(151)] SuspendThread: Access is denied. (0x5)
[0429/184005.751:ERROR:process_reader_win.cc(151)] SuspendThread: Access is denied. (0x5)
[0429/184005.751:ERROR:process_reader_win.cc(151)] SuspendThread: Access is denied. (0x5)
[0429/184005.751:ERROR:process_reader_win.cc(151)] SuspendThread: Access is denied. (0x5)
[0429/184005.751:ERROR:process_reader_win.cc(151)] SuspendThread: Access is denied. (0x5)
[0429/184005.751:ERROR:process_reader_win.cc(151)] SuspendThread: Access is denied. (0x5)
[0429/184005.751:ERROR:process_reader_win.cc(151)] SuspendThread: Access is denied. (0x5)
[0429/184005.751:ERROR:process_reader_win.cc(151)] SuspendThread: Access is denied. (0x5)
[0429/184005.751:ERROR:process_reader_win.cc(151)] SuspendThread: Access is denied. (0x5)
[0429/184005.751:ERROR:process_reader_win.cc(151)] SuspendThread: Access is denied. (0x5)
[0429/184005.751:ERROR:process_reader_win.cc(123)] NtOpenThread: {Access Denied} A process has requested access to an object, but has not been granted those access rights. (0xc0000022)
[0429/184005.751:ERROR:exception_snapshot_win.cc(98)] thread ID 10200 not found in process
[0429/184302.346:ERROR:process_reader_win.cc(123)] NtOpenThread: {Access Denied} A process has requested access to an object, but has not been granted those access rights. (0xc0000022)
[0429/184302.346:ERROR:exception_snapshot_win.cc(98)] thread ID 15908 not found in process
[0429/184302.348:ERROR:process_reader_win.cc(123)] NtOpenThread: {Access Denied} A process has requested access to an object, but has not been granted those access rights. (0xc0000022)
[0429/184302.348:ERROR:exception_snapshot_win.cc(98)] thread ID 7012 not found in process
[0429/184302.361:ERROR:process_reader_win.cc(123)] NtOpenThread: {Access Denied} A process has requested access to an object, but has not been granted those access rights. (0xc0000022)
[0429/184302.361:ERROR:exception_snapshot_win.cc(98)] thread ID 2672 not found in process
[0429/184619.610:ERROR:process_reader_win.cc(123)] NtOpenThread: {Access Denied} A process has requested access to an object, but has not been granted those access rights. (0xc0000022)
[0429/184619.610:ERROR:process_reader_win.cc(123)] NtOpenThread: {Access Denied} A process has requested access to an object, but has not been granted those access rights. (0xc0000022)
[0429/184619.611:ERROR:exception_snapshot_win.cc(98)] thread ID 13696 not found in process
[0429/184619.623:ERROR:process_reader_win.cc(123)] NtOpenThread: {Access Denied} A process has requested access to an object, but has not been granted those access rights. (0xc0000022)
[0429/184619.623:ERROR:exception_snapshot_win.cc(98)] thread ID 16052 not found in process
[0429/185048.874:ERROR:process_reader_win.cc(123)] NtOpenThread: {Access Denied} A process has requested access to an object, but has not been granted those access rights. (0xc0000022)
[0429/185048.875:ERROR:exception_snapshot_win.cc(98)] thread ID 10140 not found in process
[0429/185048.890:ERROR:process_reader_win.cc(123)] NtOpenThread: {Access Denied} A process has requested access to an object, but has not been granted those access rights. (0xc0000022)
[0429/185048.890:ERROR:exception_snapshot_win.cc(98)] thread ID 15408 not found in process
[0429/185600.811:ERROR:process_reader_win.cc(123)] NtOpenThread: {Access Denied} A process has requested access to an object, but has not been granted those access rights. (0xc0000022)
[0429/185600.812:ERROR:exception_snapshot_win.cc(98)] thread ID 1836 not found in process
[0429/185600.826:ERROR:process_reader_win.cc(123)] NtOpenThread: {Access Denied} A process has requested access to an object, but has not been granted those access rights. (0xc0000022)
[0429/185600.826:ERROR:exception_snapshot_win.cc(98)] thread ID 14212 not found in process
[0429/185919.511:ERROR:process_reader_win.cc(123)] NtOpenThread: {Access Denied} A process has requested access to an object, but has not been granted those access rights. (0xc0000022)
[0429/185919.512:ERROR:exception_snapshot_win.cc(98)] thread ID 15912 not found in process
[0429/185919.531:ERROR:process_reader_win.cc(123)] NtOpenThread: {Access Denied} A process has requested access to an object, but has not been granted those access rights. (0xc0000022)
[0429/185919.531:ERROR:exception_snapshot_win.cc(98)] thread ID 15984 not found in process
